<?xml version="1.0" encoding="UTF-8"?>
<!-- Generated by org.testng.reporters.JUnitReportReporter -->
<testsuite hostname="My-PC" failures="0" tests="3" name="DynamicJson" time="13.520" errors="0" timestamp="29 Jun 2020 16:36:29 GMT">
  <testcase classname="DynamicJson" name="addBook" time="11.326"/>
  <testcase classname="DynamicJson" name="addBook" time="0.841"/>
  <testcase classname="DynamicJson" name="addBook" time="1.353"/>
</testsuite> <!-- DynamicJson -->
