<?xml version="1.0" encoding="UTF-8"?>
<!-- Generated by org.testng.reporters.JUnitReportReporter -->
<testsuite hostname="My-PC" failures="0" tests="1" name="Courses1" time="2.776" errors="0" timestamp="29 Jun 2020 08:36:45 GMT">
  <testcase classname="Courses1" name="Course" time="2.776"/>
</testsuite> <!-- Courses1 -->
